2019-10-13 12:36:43,020 - DEBUG - Importing BlpImagePlugin
2019-10-13 12:36:43,026 - DEBUG - Importing BmpImagePlugin
2019-10-13 12:36:43,036 - DEBUG - Importing BufrStubImagePlugin
2019-10-13 12:36:43,036 - DEBUG - Importing CurImagePlugin
2019-10-13 12:36:43,039 - DEBUG - Importing DcxImagePlugin
2019-10-13 12:36:43,042 - DEBUG - Importing DdsImagePlugin
2019-10-13 12:36:43,042 - DEBUG - Importing EpsImagePlugin
2019-10-13 12:36:43,059 - DEBUG - Importing FitsStubImagePlugin
2019-10-13 12:36:43,059 - DEBUG - Importing FliImagePlugin
2019-10-13 12:36:43,061 - DEBUG - Importing FpxImagePlugin
2019-10-13 12:36:43,063 - DEBUG - Image: failed to import FpxImagePlugin: No module named olefile
2019-10-13 12:36:43,063 - DEBUG - Importing FtexImagePlugin
2019-10-13 12:36:43,065 - DEBUG - Importing GbrImagePlugin
2019-10-13 12:36:43,065 - DEBUG - Importing GifImagePlugin
2019-10-13 12:36:43,069 - DEBUG - Importing GribStubImagePlugin
2019-10-13 12:36:43,069 - DEBUG - Importing Hdf5StubImagePlugin
2019-10-13 12:36:43,071 - DEBUG - Importing IcnsImagePlugin
2019-10-13 12:36:43,075 - DEBUG - Importing IcoImagePlugin
2019-10-13 12:36:43,078 - DEBUG - Importing ImImagePlugin
2019-10-13 12:36:43,081 - DEBUG - Importing ImtImagePlugin
2019-10-13 12:36:43,082 - DEBUG - Importing IptcImagePlugin
2019-10-13 12:36:43,082 - DEBUG - Importing JpegImagePlugin
2019-10-13 12:36:43,089 - DEBUG - Importing Jpeg2KImagePlugin
2019-10-13 12:36:43,091 - DEBUG - Importing McIdasImagePlugin
2019-10-13 12:36:43,092 - DEBUG - Importing MicImagePlugin
2019-10-13 12:36:43,092 - DEBUG - Image: failed to import MicImagePlugin: No module named olefile
2019-10-13 12:36:43,092 - DEBUG - Importing MpegImagePlugin
2019-10-13 12:36:43,094 - DEBUG - Importing MpoImagePlugin
2019-10-13 12:36:43,095 - DEBUG - Importing MspImagePlugin
2019-10-13 12:36:43,096 - DEBUG - Importing PalmImagePlugin
2019-10-13 12:36:43,099 - DEBUG - Importing PcdImagePlugin
2019-10-13 12:36:43,101 - DEBUG - Importing PcxImagePlugin
2019-10-13 12:36:43,101 - DEBUG - Importing PdfImagePlugin
2019-10-13 12:36:43,121 - DEBUG - Importing PixarImagePlugin
2019-10-13 12:36:43,122 - DEBUG - Importing PngImagePlugin
2019-10-13 12:36:43,122 - DEBUG - Importing PpmImagePlugin
2019-10-13 12:36:43,124 - DEBUG - Importing PsdImagePlugin
2019-10-13 12:36:43,125 - DEBUG - Importing SgiImagePlugin
2019-10-13 12:36:43,127 - DEBUG - Importing SpiderImagePlugin
2019-10-13 12:36:43,128 - DEBUG - Importing SunImagePlugin
2019-10-13 12:36:43,130 - DEBUG - Importing TgaImagePlugin
2019-10-13 12:36:43,131 - DEBUG - Importing TiffImagePlugin
2019-10-13 12:36:43,131 - DEBUG - Importing WebPImagePlugin
2019-10-13 12:36:43,137 - DEBUG - Importing WmfImagePlugin
2019-10-13 12:36:43,140 - DEBUG - Importing XbmImagePlugin
2019-10-13 12:36:43,144 - DEBUG - Importing XpmImagePlugin
2019-10-13 12:36:43,144 - DEBUG - Importing XVThumbImagePlugin
2019-10-13 12:41:42,703 - DEBUG - Importing BlpImagePlugin
2019-10-13 12:41:42,703 - DEBUG - Importing BmpImagePlugin
2019-10-13 12:41:42,706 - DEBUG - Importing BufrStubImagePlugin
2019-10-13 12:41:42,706 - DEBUG - Importing CurImagePlugin
2019-10-13 12:41:42,707 - DEBUG - Importing DcxImagePlugin
2019-10-13 12:41:42,707 - DEBUG - Importing DdsImagePlugin
2019-10-13 12:41:42,707 - DEBUG - Importing EpsImagePlugin
2019-10-13 12:41:42,716 - DEBUG - Importing FitsStubImagePlugin
2019-10-13 12:41:42,716 - DEBUG - Importing FliImagePlugin
2019-10-13 12:41:42,717 - DEBUG - Importing FpxImagePlugin
2019-10-13 12:41:42,717 - DEBUG - Image: failed to import FpxImagePlugin: No module named olefile
2019-10-13 12:41:42,717 - DEBUG - Importing FtexImagePlugin
2019-10-13 12:41:42,717 - DEBUG - Importing GbrImagePlugin
2019-10-13 12:41:42,719 - DEBUG - Importing GifImagePlugin
2019-10-13 12:41:42,720 - DEBUG - Importing GribStubImagePlugin
2019-10-13 12:41:42,720 - DEBUG - Importing Hdf5StubImagePlugin
2019-10-13 12:41:42,720 - DEBUG - Importing IcnsImagePlugin
2019-10-13 12:41:42,723 - DEBUG - Importing IcoImagePlugin
2019-10-13 12:41:42,723 - DEBUG - Importing ImImagePlugin
2019-10-13 12:41:42,723 - DEBUG - Importing ImtImagePlugin
2019-10-13 12:41:42,724 - DEBUG - Importing IptcImagePlugin
2019-10-13 12:41:42,724 - DEBUG - Importing JpegImagePlugin
2019-10-13 12:41:42,729 - DEBUG - Importing Jpeg2KImagePlugin
2019-10-13 12:41:42,729 - DEBUG - Importing McIdasImagePlugin
2019-10-13 12:41:42,729 - DEBUG - Importing MicImagePlugin
2019-10-13 12:41:42,730 - DEBUG - Image: failed to import MicImagePlugin: No module named olefile
2019-10-13 12:41:42,730 - DEBUG - Importing MpegImagePlugin
2019-10-13 12:41:42,730 - DEBUG - Importing MpoImagePlugin
2019-10-13 12:41:42,730 - DEBUG - Importing MspImagePlugin
2019-10-13 12:41:42,732 - DEBUG - Importing PalmImagePlugin
2019-10-13 12:41:42,733 - DEBUG - Importing PcdImagePlugin
2019-10-13 12:41:42,733 - DEBUG - Importing PcxImagePlugin
2019-10-13 12:41:42,733 - DEBUG - Importing PdfImagePlugin
2019-10-13 12:41:42,746 - DEBUG - Importing PixarImagePlugin
2019-10-13 12:41:42,746 - DEBUG - Importing PngImagePlugin
2019-10-13 12:41:42,746 - DEBUG - Importing PpmImagePlugin
2019-10-13 12:41:42,746 - DEBUG - Importing PsdImagePlugin
2019-10-13 12:41:42,746 - DEBUG - Importing SgiImagePlugin
2019-10-13 12:41:42,747 - DEBUG - Importing SpiderImagePlugin
2019-10-13 12:41:42,747 - DEBUG - Importing SunImagePlugin
2019-10-13 12:41:42,749 - DEBUG - Importing TgaImagePlugin
2019-10-13 12:41:42,749 - DEBUG - Importing TiffImagePlugin
2019-10-13 12:41:42,749 - DEBUG - Importing WebPImagePlugin
2019-10-13 12:41:42,750 - DEBUG - Importing WmfImagePlugin
2019-10-13 12:41:42,750 - DEBUG - Importing XbmImagePlugin
2019-10-13 12:41:42,753 - DEBUG - Importing XpmImagePlugin
2019-10-13 12:41:42,753 - DEBUG - Importing XVThumbImagePlugin
2019-10-13 12:45:18,532 - DEBUG - Importing BlpImagePlugin
2019-10-13 12:45:18,535 - DEBUG - Importing BmpImagePlugin
2019-10-13 12:45:18,536 - DEBUG - Importing BufrStubImagePlugin
2019-10-13 12:45:18,536 - DEBUG - Importing CurImagePlugin
2019-10-13 12:45:18,538 - DEBUG - Importing DcxImagePlugin
2019-10-13 12:45:18,538 - DEBUG - Importing DdsImagePlugin
2019-10-13 12:45:18,539 - DEBUG - Importing EpsImagePlugin
2019-10-13 12:45:18,546 - DEBUG - Importing FitsStubImagePlugin
2019-10-13 12:45:18,546 - DEBUG - Importing FliImagePlugin
2019-10-13 12:45:18,546 - DEBUG - Importing FpxImagePlugin
2019-10-13 12:45:18,549 - DEBUG - Image: failed to import FpxImagePlugin: No module named olefile
2019-10-13 12:45:18,549 - DEBUG - Importing FtexImagePlugin
2019-10-13 12:45:18,549 - DEBUG - Importing GbrImagePlugin
2019-10-13 12:45:18,549 - DEBUG - Importing GifImagePlugin
2019-10-13 12:45:18,551 - DEBUG - Importing GribStubImagePlugin
2019-10-13 12:45:18,551 - DEBUG - Importing Hdf5StubImagePlugin
2019-10-13 12:45:18,551 - DEBUG - Importing IcnsImagePlugin
2019-10-13 12:45:18,553 - DEBUG - Importing IcoImagePlugin
2019-10-13 12:45:18,553 - DEBUG - Importing ImImagePlugin
2019-10-13 12:45:18,555 - DEBUG - Importing ImtImagePlugin
2019-10-13 12:45:18,555 - DEBUG - Importing IptcImagePlugin
2019-10-13 12:45:18,555 - DEBUG - Importing JpegImagePlugin
2019-10-13 12:45:18,559 - DEBUG - Importing Jpeg2KImagePlugin
2019-10-13 12:45:18,559 - DEBUG - Importing McIdasImagePlugin
2019-10-13 12:45:18,559 - DEBUG - Importing MicImagePlugin
2019-10-13 12:45:18,561 - DEBUG - Image: failed to import MicImagePlugin: No module named olefile
2019-10-13 12:45:18,561 - DEBUG - Importing MpegImagePlugin
2019-10-13 12:45:18,561 - DEBUG - Importing MpoImagePlugin
2019-10-13 12:45:18,562 - DEBUG - Importing MspImagePlugin
2019-10-13 12:45:18,562 - DEBUG - Importing PalmImagePlugin
2019-10-13 12:45:18,563 - DEBUG - Importing PcdImagePlugin
2019-10-13 12:45:18,563 - DEBUG - Importing PcxImagePlugin
2019-10-13 12:45:18,563 - DEBUG - Importing PdfImagePlugin
2019-10-13 12:45:18,576 - DEBUG - Importing PixarImagePlugin
2019-10-13 12:45:18,576 - DEBUG - Importing PngImagePlugin
2019-10-13 12:45:18,578 - DEBUG - Importing PpmImagePlugin
2019-10-13 12:45:18,578 - DEBUG - Importing PsdImagePlugin
2019-10-13 12:45:18,578 - DEBUG - Importing SgiImagePlugin
2019-10-13 12:45:18,578 - DEBUG - Importing SpiderImagePlugin
2019-10-13 12:45:18,578 - DEBUG - Importing SunImagePlugin
2019-10-13 12:45:18,579 - DEBUG - Importing TgaImagePlugin
2019-10-13 12:45:18,579 - DEBUG - Importing TiffImagePlugin
2019-10-13 12:45:18,579 - DEBUG - Importing WebPImagePlugin
2019-10-13 12:45:18,581 - DEBUG - Importing WmfImagePlugin
2019-10-13 12:45:18,582 - DEBUG - Importing XbmImagePlugin
2019-10-13 12:45:18,582 - DEBUG - Importing XpmImagePlugin
2019-10-13 12:45:18,584 - DEBUG - Importing XVThumbImagePlugin
2019-10-13 16:51:03,719 - DEBUG - Importing BlpImagePlugin
2019-10-13 16:51:03,720 - DEBUG - Importing BmpImagePlugin
2019-10-13 16:51:03,723 - DEBUG - Importing BufrStubImagePlugin
2019-10-13 16:51:03,723 - DEBUG - Importing CurImagePlugin
2019-10-13 16:51:03,723 - DEBUG - Importing DcxImagePlugin
2019-10-13 16:51:03,724 - DEBUG - Importing DdsImagePlugin
2019-10-13 16:51:03,724 - DEBUG - Importing EpsImagePlugin
2019-10-13 16:51:03,732 - DEBUG - Importing FitsStubImagePlugin
2019-10-13 16:51:03,733 - DEBUG - Importing FliImagePlugin
2019-10-13 16:51:03,733 - DEBUG - Importing FpxImagePlugin
2019-10-13 16:51:03,733 - DEBUG - Image: failed to import FpxImagePlugin: No module named olefile
2019-10-13 16:51:03,734 - DEBUG - Importing FtexImagePlugin
2019-10-13 16:51:03,734 - DEBUG - Importing GbrImagePlugin
2019-10-13 16:51:03,734 - DEBUG - Importing GifImagePlugin
2019-10-13 16:51:03,736 - DEBUG - Importing GribStubImagePlugin
2019-10-13 16:51:03,736 - DEBUG - Importing Hdf5StubImagePlugin
2019-10-13 16:51:03,737 - DEBUG - Importing IcnsImagePlugin
2019-10-13 16:51:03,740 - DEBUG - Importing IcoImagePlugin
2019-10-13 16:51:03,740 - DEBUG - Importing ImImagePlugin
2019-10-13 16:51:03,742 - DEBUG - Importing ImtImagePlugin
2019-10-13 16:51:03,742 - DEBUG - Importing IptcImagePlugin
2019-10-13 16:51:03,742 - DEBUG - Importing JpegImagePlugin
2019-10-13 16:51:03,746 - DEBUG - Importing Jpeg2KImagePlugin
2019-10-13 16:51:03,746 - DEBUG - Importing McIdasImagePlugin
2019-10-13 16:51:03,746 - DEBUG - Importing MicImagePlugin
2019-10-13 16:51:03,746 - DEBUG - Image: failed to import MicImagePlugin: No module named olefile
2019-10-13 16:51:03,746 - DEBUG - Importing MpegImagePlugin
2019-10-13 16:51:03,747 - DEBUG - Importing MpoImagePlugin
2019-10-13 16:51:03,747 - DEBUG - Importing MspImagePlugin
2019-10-13 16:51:03,749 - DEBUG - Importing PalmImagePlugin
2019-10-13 16:51:03,750 - DEBUG - Importing PcdImagePlugin
2019-10-13 16:51:03,750 - DEBUG - Importing PcxImagePlugin
2019-10-13 16:51:03,750 - DEBUG - Importing PdfImagePlugin
2019-10-13 16:51:03,762 - DEBUG - Importing PixarImagePlugin
2019-10-13 16:51:03,762 - DEBUG - Importing PngImagePlugin
2019-10-13 16:51:03,762 - DEBUG - Importing PpmImagePlugin
2019-10-13 16:51:03,763 - DEBUG - Importing PsdImagePlugin
2019-10-13 16:51:03,763 - DEBUG - Importing SgiImagePlugin
2019-10-13 16:51:03,763 - DEBUG - Importing SpiderImagePlugin
2019-10-13 16:51:03,763 - DEBUG - Importing SunImagePlugin
2019-10-13 16:51:03,763 - DEBUG - Importing TgaImagePlugin
2019-10-13 16:51:03,765 - DEBUG - Importing TiffImagePlugin
2019-10-13 16:51:03,765 - DEBUG - Importing WebPImagePlugin
2019-10-13 16:51:03,766 - DEBUG - Importing WmfImagePlugin
2019-10-13 16:51:03,766 - DEBUG - Importing XbmImagePlugin
2019-10-13 16:51:03,767 - DEBUG - Importing XpmImagePlugin
2019-10-13 16:51:03,767 - DEBUG - Importing XVThumbImagePlugin
2019-10-13 18:42:39,510 - DEBUG - Importing BlpImagePlugin
2019-10-13 18:42:39,513 - DEBUG - Importing BmpImagePlugin
2019-10-13 18:42:39,516 - DEBUG - Importing BufrStubImagePlugin
2019-10-13 18:42:39,516 - DEBUG - Importing CurImagePlugin
2019-10-13 18:42:39,517 - DEBUG - Importing DcxImagePlugin
2019-10-13 18:42:39,519 - DEBUG - Importing DdsImagePlugin
2019-10-13 18:42:39,519 - DEBUG - Importing EpsImagePlugin
2019-10-13 18:42:39,528 - DEBUG - Importing FitsStubImagePlugin
2019-10-13 18:42:39,528 - DEBUG - Importing FliImagePlugin
2019-10-13 18:42:39,529 - DEBUG - Importing FpxImagePlugin
2019-10-13 18:42:39,529 - DEBUG - Image: failed to import FpxImagePlugin: No module named olefile
2019-10-13 18:42:39,529 - DEBUG - Importing FtexImagePlugin
2019-10-13 18:42:39,529 - DEBUG - Importing GbrImagePlugin
2019-10-13 18:42:39,529 - DEBUG - Importing GifImagePlugin
2019-10-13 18:42:39,532 - DEBUG - Importing GribStubImagePlugin
2019-10-13 18:42:39,532 - DEBUG - Importing Hdf5StubImagePlugin
2019-10-13 18:42:39,532 - DEBUG - Importing IcnsImagePlugin
2019-10-13 18:42:39,535 - DEBUG - Importing IcoImagePlugin
2019-10-13 18:42:39,535 - DEBUG - Importing ImImagePlugin
2019-10-13 18:42:39,536 - DEBUG - Importing ImtImagePlugin
2019-10-13 18:42:39,536 - DEBUG - Importing IptcImagePlugin
2019-10-13 18:42:39,536 - DEBUG - Importing JpegImagePlugin
2019-10-13 18:42:39,539 - DEBUG - Importing Jpeg2KImagePlugin
2019-10-13 18:42:39,540 - DEBUG - Importing McIdasImagePlugin
2019-10-13 18:42:39,540 - DEBUG - Importing MicImagePlugin
2019-10-13 18:42:39,542 - DEBUG - Image: failed to import MicImagePlugin: No module named olefile
2019-10-13 18:42:39,542 - DEBUG - Importing MpegImagePlugin
2019-10-13 18:42:39,542 - DEBUG - Importing MpoImagePlugin
2019-10-13 18:42:39,542 - DEBUG - Importing MspImagePlugin
2019-10-13 18:42:39,542 - DEBUG - Importing PalmImagePlugin
2019-10-13 18:42:39,545 - DEBUG - Importing PcdImagePlugin
2019-10-13 18:42:39,545 - DEBUG - Importing PcxImagePlugin
2019-10-13 18:42:39,545 - DEBUG - Importing PdfImagePlugin
2019-10-13 18:42:39,555 - DEBUG - Importing PixarImagePlugin
2019-10-13 18:42:39,556 - DEBUG - Importing PngImagePlugin
2019-10-13 18:42:39,556 - DEBUG - Importing PpmImagePlugin
2019-10-13 18:42:39,556 - DEBUG - Importing PsdImagePlugin
2019-10-13 18:42:39,558 - DEBUG - Importing SgiImagePlugin
2019-10-13 18:42:39,558 - DEBUG - Importing SpiderImagePlugin
2019-10-13 18:42:39,559 - DEBUG - Importing SunImagePlugin
2019-10-13 18:42:39,559 - DEBUG - Importing TgaImagePlugin
2019-10-13 18:42:39,559 - DEBUG - Importing TiffImagePlugin
2019-10-13 18:42:39,559 - DEBUG - Importing WebPImagePlugin
2019-10-13 18:42:39,561 - DEBUG - Importing WmfImagePlugin
2019-10-13 18:42:39,561 - DEBUG - Importing XbmImagePlugin
2019-10-13 18:42:39,562 - DEBUG - Importing XpmImagePlugin
2019-10-13 18:42:39,563 - DEBUG - Importing XVThumbImagePlugin
2019-10-13 19:06:43,928 - DEBUG - Importing BlpImagePlugin
2019-10-13 19:06:43,930 - DEBUG - Importing BmpImagePlugin
2019-10-13 19:06:43,933 - DEBUG - Importing BufrStubImagePlugin
2019-10-13 19:06:43,934 - DEBUG - Importing CurImagePlugin
2019-10-13 19:06:43,934 - DEBUG - Importing DcxImagePlugin
2019-10-13 19:06:43,934 - DEBUG - Importing DdsImagePlugin
2019-10-13 19:06:43,934 - DEBUG - Importing EpsImagePlugin
2019-10-13 19:06:43,943 - DEBUG - Importing FitsStubImagePlugin
2019-10-13 19:06:43,943 - DEBUG - Importing FliImagePlugin
2019-10-13 19:06:43,944 - DEBUG - Importing FpxImagePlugin
2019-10-13 19:06:43,944 - DEBUG - Image: failed to import FpxImagePlugin: No module named olefile
2019-10-13 19:06:43,944 - DEBUG - Importing FtexImagePlugin
2019-10-13 19:06:43,944 - DEBUG - Importing GbrImagePlugin
2019-10-13 19:06:43,946 - DEBUG - Importing GifImagePlugin
2019-10-13 19:06:43,947 - DEBUG - Importing GribStubImagePlugin
2019-10-13 19:06:43,947 - DEBUG - Importing Hdf5StubImagePlugin
2019-10-13 19:06:43,947 - DEBUG - Importing IcnsImagePlugin
2019-10-13 19:06:43,950 - DEBUG - Importing IcoImagePlugin
2019-10-13 19:06:43,950 - DEBUG - Importing ImImagePlugin
2019-10-13 19:06:43,951 - DEBUG - Importing ImtImagePlugin
2019-10-13 19:06:43,951 - DEBUG - Importing IptcImagePlugin
2019-10-13 19:06:43,953 - DEBUG - Importing JpegImagePlugin
2019-10-13 19:06:43,956 - DEBUG - Importing Jpeg2KImagePlugin
2019-10-13 19:06:43,956 - DEBUG - Importing McIdasImagePlugin
2019-10-13 19:06:43,956 - DEBUG - Importing MicImagePlugin
2019-10-13 19:06:43,957 - DEBUG - Image: failed to import MicImagePlugin: No module named olefile
2019-10-13 19:06:43,957 - DEBUG - Importing MpegImagePlugin
2019-10-13 19:06:43,957 - DEBUG - Importing MpoImagePlugin
2019-10-13 19:06:43,959 - DEBUG - Importing MspImagePlugin
2019-10-13 19:06:43,959 - DEBUG - Importing PalmImagePlugin
2019-10-13 19:06:43,960 - DEBUG - Importing PcdImagePlugin
2019-10-13 19:06:43,960 - DEBUG - Importing PcxImagePlugin
2019-10-13 19:06:43,960 - DEBUG - Importing PdfImagePlugin
2019-10-13 19:06:43,971 - DEBUG - Importing PixarImagePlugin
2019-10-13 19:06:43,973 - DEBUG - Importing PngImagePlugin
2019-10-13 19:06:43,973 - DEBUG - Importing PpmImagePlugin
2019-10-13 19:06:43,973 - DEBUG - Importing PsdImagePlugin
2019-10-13 19:06:43,973 - DEBUG - Importing SgiImagePlugin
2019-10-13 19:06:43,973 - DEBUG - Importing SpiderImagePlugin
2019-10-13 19:06:43,974 - DEBUG - Importing SunImagePlugin
2019-10-13 19:06:43,976 - DEBUG - Importing TgaImagePlugin
2019-10-13 19:06:43,976 - DEBUG - Importing TiffImagePlugin
2019-10-13 19:06:43,976 - DEBUG - Importing WebPImagePlugin
2019-10-13 19:06:43,976 - DEBUG - Importing WmfImagePlugin
2019-10-13 19:06:43,977 - DEBUG - Importing XbmImagePlugin
2019-10-13 19:06:43,979 - DEBUG - Importing XpmImagePlugin
2019-10-13 19:06:43,980 - DEBUG - Importing XVThumbImagePlugin
2019-10-13 19:13:05,403 - DEBUG - Importing BlpImagePlugin
2019-10-13 19:13:05,404 - DEBUG - Importing BmpImagePlugin
2019-10-13 19:13:05,407 - DEBUG - Importing BufrStubImagePlugin
2019-10-13 19:13:05,407 - DEBUG - Importing CurImagePlugin
2019-10-13 19:13:05,407 - DEBUG - Importing DcxImagePlugin
2019-10-13 19:13:05,408 - DEBUG - Importing DdsImagePlugin
2019-10-13 19:13:05,408 - DEBUG - Importing EpsImagePlugin
2019-10-13 19:13:05,415 - DEBUG - Importing FitsStubImagePlugin
2019-10-13 19:13:05,417 - DEBUG - Importing FliImagePlugin
2019-10-13 19:13:05,417 - DEBUG - Importing FpxImagePlugin
2019-10-13 19:13:05,417 - DEBUG - Image: failed to import FpxImagePlugin: No module named olefile
2019-10-13 19:13:05,417 - DEBUG - Importing FtexImagePlugin
2019-10-13 19:13:05,418 - DEBUG - Importing GbrImagePlugin
2019-10-13 19:13:05,418 - DEBUG - Importing GifImagePlugin
2019-10-13 19:13:05,420 - DEBUG - Importing GribStubImagePlugin
2019-10-13 19:13:05,421 - DEBUG - Importing Hdf5StubImagePlugin
2019-10-13 19:13:05,421 - DEBUG - Importing IcnsImagePlugin
2019-10-13 19:13:05,423 - DEBUG - Importing IcoImagePlugin
2019-10-13 19:13:05,424 - DEBUG - Importing ImImagePlugin
2019-10-13 19:13:05,424 - DEBUG - Importing ImtImagePlugin
2019-10-13 19:13:05,424 - DEBUG - Importing IptcImagePlugin
2019-10-13 19:13:05,424 - DEBUG - Importing JpegImagePlugin
2019-10-13 19:13:05,428 - DEBUG - Importing Jpeg2KImagePlugin
2019-10-13 19:13:05,428 - DEBUG - Importing McIdasImagePlugin
2019-10-13 19:13:05,428 - DEBUG - Importing MicImagePlugin
2019-10-13 19:13:05,430 - DEBUG - Image: failed to import MicImagePlugin: No module named olefile
2019-10-13 19:13:05,430 - DEBUG - Importing MpegImagePlugin
2019-10-13 19:13:05,430 - DEBUG - Importing MpoImagePlugin
2019-10-13 19:13:05,430 - DEBUG - Importing MspImagePlugin
2019-10-13 19:13:05,431 - DEBUG - Importing PalmImagePlugin
2019-10-13 19:13:05,433 - DEBUG - Importing PcdImagePlugin
2019-10-13 19:13:05,433 - DEBUG - Importing PcxImagePlugin
2019-10-13 19:13:05,434 - DEBUG - Importing PdfImagePlugin
2019-10-13 19:13:05,446 - DEBUG - Importing PixarImagePlugin
2019-10-13 19:13:05,446 - DEBUG - Importing PngImagePlugin
2019-10-13 19:13:05,447 - DEBUG - Importing PpmImagePlugin
2019-10-13 19:13:05,447 - DEBUG - Importing PsdImagePlugin
2019-10-13 19:13:05,447 - DEBUG - Importing SgiImagePlugin
2019-10-13 19:13:05,447 - DEBUG - Importing SpiderImagePlugin
2019-10-13 19:13:05,447 - DEBUG - Importing SunImagePlugin
2019-10-13 19:13:05,448 - DEBUG - Importing TgaImagePlugin
2019-10-13 19:13:05,448 - DEBUG - Importing TiffImagePlugin
2019-10-13 19:13:05,448 - DEBUG - Importing WebPImagePlugin
2019-10-13 19:13:05,450 - DEBUG - Importing WmfImagePlugin
2019-10-13 19:13:05,450 - DEBUG - Importing XbmImagePlugin
2019-10-13 19:13:05,451 - DEBUG - Importing XpmImagePlugin
2019-10-13 19:13:05,453 - DEBUG - Importing XVThumbImagePlugin
2019-10-13 19:18:20,519 - DEBUG - Importing BlpImagePlugin
2019-10-13 19:18:20,519 - DEBUG - Importing BmpImagePlugin
2019-10-13 19:18:20,522 - DEBUG - Importing BufrStubImagePlugin
2019-10-13 19:18:20,523 - DEBUG - Importing CurImagePlugin
2019-10-13 19:18:20,523 - DEBUG - Importing DcxImagePlugin
2019-10-13 19:18:20,523 - DEBUG - Importing DdsImagePlugin
2019-10-13 19:18:20,523 - DEBUG - Importing EpsImagePlugin
2019-10-13 19:18:20,532 - DEBUG - Importing FitsStubImagePlugin
2019-10-13 19:18:20,533 - DEBUG - Importing FliImagePlugin
2019-10-13 19:18:20,533 - DEBUG - Importing FpxImagePlugin
2019-10-13 19:18:20,535 - DEBUG - Image: failed to import FpxImagePlugin: No module named olefile
2019-10-13 19:18:20,535 - DEBUG - Importing FtexImagePlugin
2019-10-13 19:18:20,536 - DEBUG - Importing GbrImagePlugin
2019-10-13 19:18:20,536 - DEBUG - Importing GifImagePlugin
2019-10-13 19:18:20,538 - DEBUG - Importing GribStubImagePlugin
2019-10-13 19:18:20,538 - DEBUG - Importing Hdf5StubImagePlugin
2019-10-13 19:18:20,538 - DEBUG - Importing IcnsImagePlugin
2019-10-13 19:18:20,539 - DEBUG - Importing IcoImagePlugin
2019-10-13 19:18:20,540 - DEBUG - Importing ImImagePlugin
2019-10-13 19:18:20,542 - DEBUG - Importing ImtImagePlugin
2019-10-13 19:18:20,542 - DEBUG - Importing IptcImagePlugin
2019-10-13 19:18:20,542 - DEBUG - Importing JpegImagePlugin
2019-10-13 19:18:20,548 - DEBUG - Importing Jpeg2KImagePlugin
2019-10-13 19:18:20,548 - DEBUG - Importing McIdasImagePlugin
2019-10-13 19:18:20,548 - DEBUG - Importing MicImagePlugin
2019-10-13 19:18:20,549 - DEBUG - Image: failed to import MicImagePlugin: No module named olefile
2019-10-13 19:18:20,549 - DEBUG - Importing MpegImagePlugin
2019-10-13 19:18:20,549 - DEBUG - Importing MpoImagePlugin
2019-10-13 19:18:20,549 - DEBUG - Importing MspImagePlugin
2019-10-13 19:18:20,551 - DEBUG - Importing PalmImagePlugin
2019-10-13 19:18:20,552 - DEBUG - Importing PcdImagePlugin
2019-10-13 19:18:20,552 - DEBUG - Importing PcxImagePlugin
2019-10-13 19:18:20,552 - DEBUG - Importing PdfImagePlugin
2019-10-13 19:18:20,565 - DEBUG - Importing PixarImagePlugin
2019-10-13 19:18:20,565 - DEBUG - Importing PngImagePlugin
2019-10-13 19:18:20,565 - DEBUG - Importing PpmImagePlugin
2019-10-13 19:18:20,565 - DEBUG - Importing PsdImagePlugin
2019-10-13 19:18:20,565 - DEBUG - Importing SgiImagePlugin
2019-10-13 19:18:20,566 - DEBUG - Importing SpiderImagePlugin
2019-10-13 19:18:20,566 - DEBUG - Importing SunImagePlugin
2019-10-13 19:18:20,566 - DEBUG - Importing TgaImagePlugin
2019-10-13 19:18:20,568 - DEBUG - Importing TiffImagePlugin
2019-10-13 19:18:20,568 - DEBUG - Importing WebPImagePlugin
2019-10-13 19:18:20,569 - DEBUG - Importing WmfImagePlugin
2019-10-13 19:18:20,569 - DEBUG - Importing XbmImagePlugin
2019-10-13 19:18:20,571 - DEBUG - Importing XpmImagePlugin
2019-10-13 19:18:20,571 - DEBUG - Importing XVThumbImagePlugin
2019-10-13 19:26:22,898 - DEBUG - Importing BlpImagePlugin
2019-10-13 19:26:22,898 - DEBUG - Importing BmpImagePlugin
2019-10-13 19:26:22,901 - DEBUG - Importing BufrStubImagePlugin
2019-10-13 19:26:22,901 - DEBUG - Importing CurImagePlugin
2019-10-13 19:26:22,901 - DEBUG - Importing DcxImagePlugin
2019-10-13 19:26:22,903 - DEBUG - Importing DdsImagePlugin
2019-10-13 19:26:22,904 - DEBUG - Importing EpsImagePlugin
2019-10-13 19:26:22,911 - DEBUG - Importing FitsStubImagePlugin
2019-10-13 19:26:22,911 - DEBUG - Importing FliImagePlugin
2019-10-13 19:26:22,911 - DEBUG - Importing FpxImagePlugin
2019-10-13 19:26:22,913 - DEBUG - Image: failed to import FpxImagePlugin: No module named olefile
2019-10-13 19:26:22,913 - DEBUG - Importing FtexImagePlugin
2019-10-13 19:26:22,913 - DEBUG - Importing GbrImagePlugin
2019-10-13 19:26:22,913 - DEBUG - Importing GifImagePlugin
2019-10-13 19:26:22,914 - DEBUG - Importing GribStubImagePlugin
2019-10-13 19:26:22,914 - DEBUG - Importing Hdf5StubImagePlugin
2019-10-13 19:26:22,915 - DEBUG - Importing IcnsImagePlugin
2019-10-13 19:26:22,917 - DEBUG - Importing IcoImagePlugin
2019-10-13 19:26:22,917 - DEBUG - Importing ImImagePlugin
2019-10-13 19:26:22,918 - DEBUG - Importing ImtImagePlugin
2019-10-13 19:26:22,920 - DEBUG - Importing IptcImagePlugin
2019-10-13 19:26:22,921 - DEBUG - Importing JpegImagePlugin
2019-10-13 19:26:22,924 - DEBUG - Importing Jpeg2KImagePlugin
2019-10-13 19:26:22,924 - DEBUG - Importing McIdasImagePlugin
2019-10-13 19:26:22,924 - DEBUG - Importing MicImagePlugin
2019-10-13 19:26:22,924 - DEBUG - Image: failed to import MicImagePlugin: No module named olefile
2019-10-13 19:26:22,924 - DEBUG - Importing MpegImagePlugin
2019-10-13 19:26:22,926 - DEBUG - Importing MpoImagePlugin
2019-10-13 19:26:22,926 - DEBUG - Importing MspImagePlugin
2019-10-13 19:26:22,927 - DEBUG - Importing PalmImagePlugin
2019-10-13 19:26:22,927 - DEBUG - Importing PcdImagePlugin
2019-10-13 19:26:22,927 - DEBUG - Importing PcxImagePlugin
2019-10-13 19:26:22,927 - DEBUG - Importing PdfImagePlugin
2019-10-13 19:26:22,938 - DEBUG - Importing PixarImagePlugin
2019-10-13 19:26:22,940 - DEBUG - Importing PngImagePlugin
2019-10-13 19:26:22,940 - DEBUG - Importing PpmImagePlugin
2019-10-13 19:26:22,940 - DEBUG - Importing PsdImagePlugin
2019-10-13 19:26:22,940 - DEBUG - Importing SgiImagePlugin
2019-10-13 19:26:22,940 - DEBUG - Importing SpiderImagePlugin
2019-10-13 19:26:22,941 - DEBUG - Importing SunImagePlugin
2019-10-13 19:26:22,943 - DEBUG - Importing TgaImagePlugin
2019-10-13 19:26:22,943 - DEBUG - Importing TiffImagePlugin
2019-10-13 19:26:22,943 - DEBUG - Importing WebPImagePlugin
2019-10-13 19:26:22,944 - DEBUG - Importing WmfImagePlugin
2019-10-13 19:26:22,944 - DEBUG - Importing XbmImagePlugin
2019-10-13 19:26:22,947 - DEBUG - Importing XpmImagePlugin
2019-10-13 19:26:22,947 - DEBUG - Importing XVThumbImagePlugin
2019-10-13 19:27:42,444 - DEBUG - Importing BlpImagePlugin
2019-10-13 19:27:42,444 - DEBUG - Importing BmpImagePlugin
2019-10-13 19:27:42,447 - DEBUG - Importing BufrStubImagePlugin
2019-10-13 19:27:42,447 - DEBUG - Importing CurImagePlugin
2019-10-13 19:27:42,448 - DEBUG - Importing DcxImagePlugin
2019-10-13 19:27:42,448 - DEBUG - Importing DdsImagePlugin
2019-10-13 19:27:42,450 - DEBUG - Importing EpsImagePlugin
2019-10-13 19:27:42,457 - DEBUG - Importing FitsStubImagePlugin
2019-10-13 19:27:42,459 - DEBUG - Importing FliImagePlugin
2019-10-13 19:27:42,460 - DEBUG - Importing FpxImagePlugin
2019-10-13 19:27:42,460 - DEBUG - Image: failed to import FpxImagePlugin: No module named olefile
2019-10-13 19:27:42,460 - DEBUG - Importing FtexImagePlugin
2019-10-13 19:27:42,460 - DEBUG - Importing GbrImagePlugin
2019-10-13 19:27:42,461 - DEBUG - Importing GifImagePlugin
2019-10-13 19:27:42,463 - DEBUG - Importing GribStubImagePlugin
2019-10-13 19:27:42,463 - DEBUG - Importing Hdf5StubImagePlugin
2019-10-13 19:27:42,463 - DEBUG - Importing IcnsImagePlugin
2019-10-13 19:27:42,466 - DEBUG - Importing IcoImagePlugin
2019-10-13 19:27:42,466 - DEBUG - Importing ImImagePlugin
2019-10-13 19:27:42,467 - DEBUG - Importing ImtImagePlugin
2019-10-13 19:27:42,467 - DEBUG - Importing IptcImagePlugin
2019-10-13 19:27:42,467 - DEBUG - Importing JpegImagePlugin
2019-10-13 19:27:42,471 - DEBUG - Importing Jpeg2KImagePlugin
2019-10-13 19:27:42,471 - DEBUG - Importing McIdasImagePlugin
2019-10-13 19:27:42,471 - DEBUG - Importing MicImagePlugin
2019-10-13 19:27:42,473 - DEBUG - Image: failed to import MicImagePlugin: No module named olefile
2019-10-13 19:27:42,473 - DEBUG - Importing MpegImagePlugin
2019-10-13 19:27:42,473 - DEBUG - Importing MpoImagePlugin
2019-10-13 19:27:42,474 - DEBUG - Importing MspImagePlugin
2019-10-13 19:27:42,474 - DEBUG - Importing PalmImagePlugin
2019-10-13 19:27:42,476 - DEBUG - Importing PcdImagePlugin
2019-10-13 19:27:42,476 - DEBUG - Importing PcxImagePlugin
2019-10-13 19:27:42,476 - DEBUG - Importing PdfImagePlugin
2019-10-13 19:27:42,487 - DEBUG - Importing PixarImagePlugin
2019-10-13 19:27:42,489 - DEBUG - Importing PngImagePlugin
2019-10-13 19:27:42,489 - DEBUG - Importing PpmImagePlugin
2019-10-13 19:27:42,489 - DEBUG - Importing PsdImagePlugin
2019-10-13 19:27:42,490 - DEBUG - Importing SgiImagePlugin
2019-10-13 19:27:42,490 - DEBUG - Importing SpiderImagePlugin
2019-10-13 19:27:42,490 - DEBUG - Importing SunImagePlugin
2019-10-13 19:27:42,492 - DEBUG - Importing TgaImagePlugin
2019-10-13 19:27:42,492 - DEBUG - Importing TiffImagePlugin
2019-10-13 19:27:42,492 - DEBUG - Importing WebPImagePlugin
2019-10-13 19:27:42,493 - DEBUG - Importing WmfImagePlugin
2019-10-13 19:27:42,493 - DEBUG - Importing XbmImagePlugin
2019-10-13 19:27:42,496 - DEBUG - Importing XpmImagePlugin
2019-10-13 19:27:42,497 - DEBUG - Importing XVThumbImagePlugin
2019-10-13 19:32:32,288 - DEBUG - Importing BlpImagePlugin
2019-10-13 19:32:32,289 - DEBUG - Importing BmpImagePlugin
2019-10-13 19:32:32,292 - DEBUG - Importing BufrStubImagePlugin
2019-10-13 19:32:32,292 - DEBUG - Importing CurImagePlugin
2019-10-13 19:32:32,293 - DEBUG - Importing DcxImagePlugin
2019-10-13 19:32:32,295 - DEBUG - Importing DdsImagePlugin
2019-10-13 19:32:32,296 - DEBUG - Importing EpsImagePlugin
2019-10-13 19:32:32,302 - DEBUG - Importing FitsStubImagePlugin
2019-10-13 19:32:32,303 - DEBUG - Importing FliImagePlugin
2019-10-13 19:32:32,303 - DEBUG - Importing FpxImagePlugin
2019-10-13 19:32:32,305 - DEBUG - Image: failed to import FpxImagePlugin: No module named olefile
2019-10-13 19:32:32,305 - DEBUG - Importing FtexImagePlugin
2019-10-13 19:32:32,305 - DEBUG - Importing GbrImagePlugin
2019-10-13 19:32:32,305 - DEBUG - Importing GifImagePlugin
2019-10-13 19:32:32,308 - DEBUG - Importing GribStubImagePlugin
2019-10-13 19:32:32,308 - DEBUG - Importing Hdf5StubImagePlugin
2019-10-13 19:32:32,309 - DEBUG - Importing IcnsImagePlugin
2019-10-13 19:32:32,312 - DEBUG - Importing IcoImagePlugin
2019-10-13 19:32:32,312 - DEBUG - Importing ImImagePlugin
2019-10-13 19:32:32,313 - DEBUG - Importing ImtImagePlugin
2019-10-13 19:32:32,315 - DEBUG - Importing IptcImagePlugin
2019-10-13 19:32:32,315 - DEBUG - Importing JpegImagePlugin
2019-10-13 19:32:32,321 - DEBUG - Importing Jpeg2KImagePlugin
2019-10-13 19:32:32,321 - DEBUG - Importing McIdasImagePlugin
2019-10-13 19:32:32,322 - DEBUG - Importing MicImagePlugin
2019-10-13 19:32:32,322 - DEBUG - Image: failed to import MicImagePlugin: No module named olefile
2019-10-13 19:32:32,322 - DEBUG - Importing MpegImagePlugin
2019-10-13 19:32:32,322 - DEBUG - Importing MpoImagePlugin
2019-10-13 19:32:32,323 - DEBUG - Importing MspImagePlugin
2019-10-13 19:32:32,323 - DEBUG - Importing PalmImagePlugin
2019-10-13 19:32:32,325 - DEBUG - Importing PcdImagePlugin
2019-10-13 19:32:32,326 - DEBUG - Importing PcxImagePlugin
2019-10-13 19:32:32,326 - DEBUG - Importing PdfImagePlugin
2019-10-13 19:32:32,338 - DEBUG - Importing PixarImagePlugin
2019-10-13 19:32:32,338 - DEBUG - Importing PngImagePlugin
2019-10-13 19:32:32,338 - DEBUG - Importing PpmImagePlugin
2019-10-13 19:32:32,339 - DEBUG - Importing PsdImagePlugin
2019-10-13 19:32:32,339 - DEBUG - Importing SgiImagePlugin
2019-10-13 19:32:32,341 - DEBUG - Importing SpiderImagePlugin
2019-10-13 19:32:32,341 - DEBUG - Importing SunImagePlugin
2019-10-13 19:32:32,342 - DEBUG - Importing TgaImagePlugin
2019-10-13 19:32:32,342 - DEBUG - Importing TiffImagePlugin
2019-10-13 19:32:32,342 - DEBUG - Importing WebPImagePlugin
2019-10-13 19:32:32,342 - DEBUG - Importing WmfImagePlugin
2019-10-13 19:32:32,342 - DEBUG - Importing XbmImagePlugin
2019-10-13 19:32:32,345 - DEBUG - Importing XpmImagePlugin
2019-10-13 19:32:32,345 - DEBUG - Importing XVThumbImagePlugin
2019-10-13 20:59:10,359 - DEBUG - Importing BlpImagePlugin
2019-10-13 20:59:10,361 - DEBUG - Importing BmpImagePlugin
2019-10-13 20:59:10,365 - DEBUG - Importing BufrStubImagePlugin
2019-10-13 20:59:10,365 - DEBUG - Importing CurImagePlugin
2019-10-13 20:59:10,365 - DEBUG - Importing DcxImagePlugin
2019-10-13 20:59:10,367 - DEBUG - Importing DdsImagePlugin
2019-10-13 20:59:10,367 - DEBUG - Importing EpsImagePlugin
2019-10-13 20:59:10,375 - DEBUG - Importing FitsStubImagePlugin
2019-10-13 20:59:10,377 - DEBUG - Importing FliImagePlugin
2019-10-13 20:59:10,377 - DEBUG - Importing FpxImagePlugin
2019-10-13 20:59:10,378 - DEBUG - Image: failed to import FpxImagePlugin: No module named olefile
2019-10-13 20:59:10,378 - DEBUG - Importing FtexImagePlugin
2019-10-13 20:59:10,378 - DEBUG - Importing GbrImagePlugin
2019-10-13 20:59:10,380 - DEBUG - Importing GifImagePlugin
2019-10-13 20:59:10,381 - DEBUG - Importing GribStubImagePlugin
2019-10-13 20:59:10,381 - DEBUG - Importing Hdf5StubImagePlugin
2019-10-13 20:59:10,381 - DEBUG - Importing IcnsImagePlugin
2019-10-13 20:59:10,385 - DEBUG - Importing IcoImagePlugin
2019-10-13 20:59:10,387 - DEBUG - Importing ImImagePlugin
2019-10-13 20:59:10,388 - DEBUG - Importing ImtImagePlugin
2019-10-13 20:59:10,388 - DEBUG - Importing IptcImagePlugin
2019-10-13 20:59:10,390 - DEBUG - Importing JpegImagePlugin
2019-10-13 20:59:10,394 - DEBUG - Importing Jpeg2KImagePlugin
2019-10-13 20:59:10,394 - DEBUG - Importing McIdasImagePlugin
2019-10-13 20:59:10,395 - DEBUG - Importing MicImagePlugin
2019-10-13 20:59:10,397 - DEBUG - Image: failed to import MicImagePlugin: No module named olefile
2019-10-13 20:59:10,397 - DEBUG - Importing MpegImagePlugin
2019-10-13 20:59:10,397 - DEBUG - Importing MpoImagePlugin
2019-10-13 20:59:10,398 - DEBUG - Importing MspImagePlugin
2019-10-13 20:59:10,398 - DEBUG - Importing PalmImagePlugin
2019-10-13 20:59:10,400 - DEBUG - Importing PcdImagePlugin
2019-10-13 20:59:10,400 - DEBUG - Importing PcxImagePlugin
2019-10-13 20:59:10,400 - DEBUG - Importing PdfImagePlugin
2019-10-13 20:59:10,413 - DEBUG - Importing PixarImagePlugin
2019-10-13 20:59:10,413 - DEBUG - Importing PngImagePlugin
2019-10-13 20:59:10,413 - DEBUG - Importing PpmImagePlugin
2019-10-13 20:59:10,414 - DEBUG - Importing PsdImagePlugin
2019-10-13 20:59:10,414 - DEBUG - Importing SgiImagePlugin
2019-10-13 20:59:10,414 - DEBUG - Importing SpiderImagePlugin
2019-10-13 20:59:10,414 - DEBUG - Importing SunImagePlugin
2019-10-13 20:59:10,415 - DEBUG - Importing TgaImagePlugin
2019-10-13 20:59:10,415 - DEBUG - Importing TiffImagePlugin
2019-10-13 20:59:10,415 - DEBUG - Importing WebPImagePlugin
2019-10-13 20:59:10,417 - DEBUG - Importing WmfImagePlugin
2019-10-13 20:59:10,417 - DEBUG - Importing XbmImagePlugin
2019-10-13 20:59:10,420 - DEBUG - Importing XpmImagePlugin
2019-10-13 20:59:10,421 - DEBUG - Importing XVThumbImagePlugin
