2019-09-01 14:39:01,750 - INFO - 2json::=={
  "net": {
    "attributes": {
      "id": "n-3BB8-AC2DF-0", 
      "type": "http://www.laas.fr/tina/tpn"
    }, 
    "childs": {
      "name": {
        "childs": {
          "text": {
            "text": "buffer1"
          }
        }
      }, 
      "page": {
        "attributes": {
          "id": "p-3BB8-AC2EE-2"
        }, 
        "childs": {
          "places": [
            {
              "childs": {
                "graphics": {
                  "attributes": {
                    "id": "p-3BB8-AC2EE-2"
                  }, 
                  "childs": {
                    "offset": {
                      "attributes": {
                        "id": "p-3BB8-AC2EE-2"
                      }, 
                      "childs": {}
                    }
                  }
                }, 
                "position": {
                  "attributes": {
                    "id": "p-3BB8-AC2EE-2"
                  }, 
                  "childs": {}
                }, 
                "text": {
                  "attributes": {
                    "id": "p-3BB8-AC2EE-2"
                  }, 
                  "childs": {}, 
                  "text": "xxxxxxx"
                }
              }
            }, 
            {
              "childs": {
                "graphics": {
                  "attributes": {
                    "id": "p-3BB8-AC2EE-2"
                  }, 
                  "childs": {
                    "offset": {
                      "attributes": {
                        "id": "p-3BB8-AC2EE-2"
                      }, 
                      "childs": {}
                    }
                  }
                }, 
                "position": {
                  "attributes": {
                    "id": "p-3BB8-AC2EE-2"
                  }, 
                  "childs": {}
                }, 
                "text": {
                  "attributes": {
                    "id": "p-3BB8-AC2EE-2"
                  }, 
                  "childs": {}, 
                  "text": "xxxxxxx"
                }
              }
            }, 
            {
              "childs": {
                "graphics": {
                  "attributes": {
                    "id": "p-3BB8-AC2EE-2"
                  }, 
                  "childs": {
                    "offset": {
                      "attributes": {
                        "id": "p-3BB8-AC2EE-2"
                      }, 
                      "childs": {}
                    }
                  }
                }, 
                "position": {
                  "attributes": {
                    "id": "p-3BB8-AC2EE-2"
                  }, 
                  "childs": {}
                }, 
                "text": {
                  "attributes": {
                    "id": "p-3BB8-AC2EE-2"
                  }, 
                  "childs": {}, 
                  "text": "xxxxxxx"
                }
              }
            }, 
            {
              "childs": {
                "graphics": {
                  "attributes": {
                    "id": "p-3BB8-AC2EE-2"
                  }, 
                  "childs": {
                    "offset": {
                      "attributes": {
                        "id": "p-3BB8-AC2EE-2"
                      }, 
                      "childs": {}
                    }
                  }
                }, 
                "position": {
                  "attributes": {
                    "id": "p-3BB8-AC2EE-2"
                  }, 
                  "childs": {}
                }, 
                "text": {
                  "attributes": {
                    "id": "p-3BB8-AC2EE-2"
                  }, 
                  "childs": {}, 
                  "text": "xxxxxxx"
                }
              }
            }, 
            {
              "childs": {
                "graphics": {
                  "attributes": {
                    "id": "p-3BB8-AC2EE-2"
                  }, 
                  "childs": {
                    "offset": {
                      "attributes": {
                        "id": "p-3BB8-AC2EE-2"
                      }, 
                      "childs": {}
                    }
                  }
                }, 
                "position": {
                  "attributes": {
                    "id": "p-3BB8-AC2EE-2"
                  }, 
                  "childs": {}
                }, 
                "text": {
                  "attributes": {
                    "id": "p-3BB8-AC2EE-2"
                  }, 
                  "childs": {}, 
                  "text": "xxxxxxx"
                }
              }
            }, 
            {
              "childs": {
                "graphics": {
                  "attributes": {
                    "id": "p-3BB8-AC2EE-2"
                  }, 
                  "childs": {
                    "offset": {
                      "attributes": {
                        "id": "p-3BB8-AC2EE-2"
                      }, 
                      "childs": {}
                    }
                  }
                }, 
                "position": {
                  "attributes": {
                    "id": "p-3BB8-AC2EE-2"
                  }, 
                  "childs": {}
                }, 
                "text": {
                  "attributes": {
                    "id": "p-3BB8-AC2EE-2"
                  }, 
                  "childs": {}, 
                  "text": "xxxxxxx"
                }
              }
            }
          ]
        }
      }
    }
  }
}
